android-app/app/build/intermediates/manifest_merge_blame_file/debug/processDebugMainManifest/manifest-merger-blame-debug-report.txt
1<?xml version="1.0" encoding="utf-8"?>
2<manifest xmlns:android="http://schemas.android.com/apk/res/android"
3    package="com.unloop.app"
4    android:versionCode="1"
5    android:versionName="1.0.0" >
6
7    <uses-sdk
8        android:minSdkVersion="26"
9        android:targetSdkVersion="34" />
10
11    <!-- Permissions -->
12    <uses-permission android:name="android.permission.POST_NOTIFICATIONS" />
12-->src\main\AndroidManifest.xml:6:5-77
12-->src\main\AndroidManifest.xml:6:22-74
13    <uses-permission android:name="android.permission.FOREGROUND_SERVICE" />
13-->src\main\AndroidManifest.xml:7:5-77
13-->src\main\AndroidManifest.xml:7:22-74
14    <uses-permission android:name="android.permission.REQUEST_IGNORE_BATTERY_OPTIMIZATIONS" />
14-->src\main\AndroidManifest.xml:8:5-95
14-->src\main\AndroidManifest.xml:8:22-92
15    <uses-permission android:name="android.permission.FOREGROUND_SERVICE_MEDIA_PLAYBACK" />
15-->src\main\AndroidManifest.xml:9:5-92
15-->src\main\AndroidManifest.xml:9:22-89
16    <uses-permission android:name="android.permission.RECEIVE_BOOT_COMPLETED" />
16-->src\main\AndroidManifest.xml:10:5-81
16-->src\main\AndroidManifest.xml:10:22-78
17
18    <permission
18-->[androidx.core:core:1.12.0] AndroidManifest.xml:22:5-24:47
19        android:name="com.unloop.app.DYNAMIC_RECEIVER_NOT_EXPORTED_PERMISSION"
19-->[androidx.core:core:1.12.0] AndroidManifest.xml:23:9-81
20        android:protectionLevel="signature" />
20-->[androidx.core:core:1.12.0] AndroidManifest.xml:24:9-44
21
22    <uses-permission android:name="com.unloop.app.DYNAMIC_RECEIVER_NOT_EXPORTED_PERMISSION" />
22-->[androidx.core:core:1.12.0] AndroidManifest.xml:26:5-97
22-->[androidx.core:core:1.12.0] AndroidManifest.xml:26:22-94
23
24    <application
24-->src\main\AndroidManifest.xml:12:5-104:19
25        android:name="com.unloop.app.UnloopApplication"
25-->src\main\AndroidManifest.xml:13:9-42
26        android:allowBackup="true"
26-->src\main\AndroidManifest.xml:14:9-35
27        android:appComponentFactory="androidx.core.app.CoreComponentFactory"
27-->[androidx.core:core:1.12.0] AndroidManifest.xml:28:18-86
28        android:debuggable="true"
29        android:extractNativeLibs="false"
30        android:icon="@mipmap/ic_launcher"
30-->src\main\AndroidManifest.xml:15:9-43
31        android:label="@string/app_name"
31-->src\main\AndroidManifest.xml:16:9-41
32        android:roundIcon="@mipmap/ic_launcher_round"
32-->src\main\AndroidManifest.xml:17:9-54
33        android:supportsRtl="true"
33-->src\main\AndroidManifest.xml:18:9-35
34        android:testOnly="true"
35        android:theme="@style/Theme.Unloop" >
35-->src\main\AndroidManifest.xml:19:9-44
36
37        <!-- Main Activity -->
38        <activity
38-->src\main\AndroidManifest.xml:23:9-31:20
39            android:name="com.unloop.app.MainActivity"
39-->src\main\AndroidManifest.xml:24:13-41
40            android:exported="true"
40-->src\main\AndroidManifest.xml:25:13-36
41            android:theme="@style/Theme.Unloop" >
41-->src\main\AndroidManifest.xml:26:13-48
42            <intent-filter>
42-->src\main\AndroidManifest.xml:27:13-30:29
43                <action android:name="android.intent.action.MAIN" />
43-->src\main\AndroidManifest.xml:28:17-69
43-->src\main\AndroidManifest.xml:28:25-66
44
45                <category android:name="android.intent.category.LAUNCHER" />
45-->src\main\AndroidManifest.xml:29:17-77
45-->src\main\AndroidManifest.xml:29:27-74
46            </intent-filter>
47        </activity>
48        <activity
48-->src\main\AndroidManifest.xml:33:9-36:51
49            android:name="com.unloop.app.SettingsActivity"
49-->src\main\AndroidManifest.xml:34:13-45
50            android:exported="false"
50-->src\main\AndroidManifest.xml:35:13-37
51            android:theme="@style/Theme.Unloop" />
51-->src\main\AndroidManifest.xml:36:13-48
52        <activity
52-->src\main\AndroidManifest.xml:38:9-41:51
53            android:name="com.unloop.app.LibraryActivity"
53-->src\main\AndroidManifest.xml:39:13-44
54            android:exported="false"
54-->src\main\AndroidManifest.xml:40:13-37
55            android:theme="@style/Theme.Unloop" />
55-->src\main\AndroidManifest.xml:41:13-48
56        <activity
56-->src\main\AndroidManifest.xml:43:9-46:51
57            android:name="com.unloop.app.AnalyticsActivity"
57-->src\main\AndroidManifest.xml:44:13-46
58            android:exported="false"
58-->src\main\AndroidManifest.xml:45:13-37
59            android:theme="@style/Theme.Unloop" />
59-->src\main\AndroidManifest.xml:46:13-48
60
61        <provider
62            android:name="androidx.core.content.FileProvider"
62-->src\main\AndroidManifest.xml:49:13-62
63            android:authorities="com.unloop.app.provider"
63-->src\main\AndroidManifest.xml:50:13-60
64            android:exported="false"
64-->src\main\AndroidManifest.xml:51:13-37
65            android:grantUriPermissions="true" >
65-->src\main\AndroidManifest.xml:52:13-47
66            <meta-data
66-->src\main\AndroidManifest.xml:53:13-55:58
67                android:name="android.support.FILE_PROVIDER_PATHS"
67-->src\main\AndroidManifest.xml:54:17-67
68                android:resource="@xml/provider_paths" />
68-->src\main\AndroidManifest.xml:55:17-55
69        </provider>
70
71        <receiver
71-->src\main\AndroidManifest.xml:58:9-67:20
72            android:name="com.unloop.app.StatsWidgetProvider"
72-->src\main\AndroidManifest.xml:59:13-48
73            android:exported="true" >
73-->src\main\AndroidManifest.xml:60:13-36
74            <intent-filter>
74-->src\main\AndroidManifest.xml:61:13-63:29
75                <action android:name="android.appwidget.action.APPWIDGET_UPDATE" />
75-->src\main\AndroidManifest.xml:62:17-84
75-->src\main\AndroidManifest.xml:62:25-81
76            </intent-filter>
77
78            <meta-data
78-->src\main\AndroidManifest.xml:64:13-66:55
79                android:name="android.appwidget.provider"
79-->src\main\AndroidManifest.xml:65:17-58
80                android:resource="@xml/widget_info" />
80-->src\main\AndroidManifest.xml:66:17-52
81        </receiver>
82
83        <!-- Notification Listener Service - Detects music playing -->
84        <service
84-->src\main\AndroidManifest.xml:70:9-77:19
85            android:name="com.unloop.app.service.MusicNotificationListenerService"
85-->src\main\AndroidManifest.xml:71:13-69
86            android:exported="true"
86-->src\main\AndroidManifest.xml:72:13-36
87            android:permission="android.permission.BIND_NOTIFICATION_LISTENER_SERVICE" >
87-->src\main\AndroidManifest.xml:73:13-87
88            <intent-filter>
88-->src\main\AndroidManifest.xml:74:13-76:29
89                <action android:name="android.service.notification.NotificationListenerService" />
89-->src\main\AndroidManifest.xml:75:17-99
89-->src\main\AndroidManifest.xml:75:25-96
90            </intent-filter>
91        </service>
92
93        <!-- Accessibility Service - For auto-skip functionality -->
94        <service
94-->src\main\AndroidManifest.xml:80:9-90:19
95            android:name="com.unloop.app.service.UnloopAccessibilityService"
95-->src\main\AndroidManifest.xml:81:13-63
96            android:exported="true"
96-->src\main\AndroidManifest.xml:82:13-36
97            android:permission="android.permission.BIND_ACCESSIBILITY_SERVICE" >
97-->src\main\AndroidManifest.xml:83:13-79
98            <intent-filter>
98-->src\main\AndroidManifest.xml:84:13-86:29
99                <action android:name="android.accessibilityservice.AccessibilityService" />
99-->src\main\AndroidManifest.xml:85:17-92
99-->src\main\AndroidManifest.xml:85:25-89
100            </intent-filter>
101
102            <meta-data
102-->src\main\AndroidManifest.xml:87:13-89:72
103                android:name="android.accessibilityservice"
103-->src\main\AndroidManifest.xml:88:17-60
104                android:resource="@xml/accessibility_service_config" />
104-->src\main\AndroidManifest.xml:89:17-69
105        </service>
106
107        <!-- Boot Receiver - Auto-start on device boot -->
108        <receiver
108-->src\main\AndroidManifest.xml:93:9-102:20
109            android:name="com.unloop.app.service.BootReceiver"
109-->src\main\AndroidManifest.xml:94:13-49
110            android:enabled="true"
110-->src\main\AndroidManifest.xml:95:13-35
111            android:exported="true" >
111-->src\main\AndroidManifest.xml:96:13-36
112            <intent-filter>
112-->src\main\AndroidManifest.xml:97:13-101:29
113                <action android:name="android.intent.action.BOOT_COMPLETED" />
113-->src\main\AndroidManifest.xml:98:17-79
113-->src\main\AndroidManifest.xml:98:25-76
114                <action android:name="android.intent.action.LOCKED_BOOT_COMPLETED" />
114-->src\main\AndroidManifest.xml:99:17-86
114-->src\main\AndroidManifest.xml:99:25-83
115                <action android:name="android.intent.action.QUICKBOOT_POWERON" />
115-->src\main\AndroidManifest.xml:100:17-82
115-->src\main\AndroidManifest.xml:100:25-79
116            </intent-filter>
117        </receiver>
118
119        <provider
119-->[androidx.emoji2:emoji2:1.2.0] AndroidManifest.xml:24:9-32:20
120            android:name="androidx.startup.InitializationProvider"
120-->[androidx.emoji2:emoji2:1.2.0] AndroidManifest.xml:25:13-67
121            android:authorities="com.unloop.app.androidx-startup"
121-->[androidx.emoji2:emoji2:1.2.0] AndroidManifest.xml:26:13-68
122            android:exported="false" >
122-->[androidx.emoji2:emoji2:1.2.0] AndroidManifest.xml:27:13-37
123            <meta-data
123-->[androidx.emoji2:emoji2:1.2.0] AndroidManifest.xml:29:13-31:52
124                android:name="androidx.emoji2.text.EmojiCompatInitializer"
124-->[androidx.emoji2:emoji2:1.2.0] AndroidManifest.xml:30:17-75
125                android:value="androidx.startup" />
125-->[androidx.emoji2:emoji2:1.2.0] AndroidManifest.xml:31:17-49
126            <meta-data
126-->[androidx.lifecycle:lifecycle-process:2.7.0] AndroidManifest.xml:29:13-31:52
127                android:name="androidx.lifecycle.ProcessLifecycleInitializer"
127-->[androidx.lifecycle:lifecycle-process:2.7.0] AndroidManifest.xml:30:17-78
128                android:value="androidx.startup" />
128-->[androidx.lifecycle:lifecycle-process:2.7.0] AndroidManifest.xml:31:17-49
129            <meta-data
129-->[androidx.profileinstaller:profileinstaller:1.3.0] AndroidManifest.xml:29:13-31:52
130                android:name="androidx.profileinstaller.ProfileInstallerInitializer"
130-->[androidx.profileinstaller:profileinstaller:1.3.0] AndroidManifest.xml:30:17-85
131                android:value="androidx.startup" />
131-->[androidx.profileinstaller:profileinstaller:1.3.0] AndroidManifest.xml:31:17-49
132        </provider>
133
134        <service
134-->[androidx.room:room-runtime:2.6.1] AndroidManifest.xml:24:9-28:63
135            android:name="androidx.room.MultiInstanceInvalidationService"
135-->[androidx.room:room-runtime:2.6.1] AndroidManifest.xml:25:13-74
136            android:directBootAware="true"
136-->[androidx.room:room-runtime:2.6.1] AndroidManifest.xml:26:13-43
137            android:exported="false" />
137-->[androidx.room:room-runtime:2.6.1] AndroidManifest.xml:27:13-37
138
139        <receiver
139-->[androidx.profileinstaller:profileinstaller:1.3.0] AndroidManifest.xml:34:9-52:20
140            android:name="androidx.profileinstaller.ProfileInstallReceiver"
140-->[androidx.profileinstaller:profileinstaller:1.3.0] AndroidManifest.xml:35:13-76
141            android:directBootAware="false"
141-->[androidx.profileinstaller:profileinstaller:1.3.0] AndroidManifest.xml:36:13-44
142            android:enabled="true"
142-->[androidx.profileinstaller:profileinstaller:1.3.0] AndroidManifest.xml:37:13-35
143            android:exported="true"
143-->[androidx.profileinstaller:profileinstaller:1.3.0] AndroidManifest.xml:38:13-36
144            android:permission="android.permission.DUMP" >
144-->[androidx.profileinstaller:profileinstaller:1.3.0] AndroidManifest.xml:39:13-57
145            <intent-filter>
145-->[androidx.profileinstaller:profileinstaller:1.3.0] AndroidManifest.xml:40:13-42:29
146                <action android:name="androidx.profileinstaller.action.INSTALL_PROFILE" />
146-->[androidx.profileinstaller:profileinstaller:1.3.0] AndroidManifest.xml:41:17-91
146-->[androidx.profileinstaller:profileinstaller:1.3.0] AndroidManifest.xml:41:25-88
147            </intent-filter>
148            <intent-filter>
148-->[androidx.profileinstaller:profileinstaller:1.3.0] AndroidManifest.xml:43:13-45:29
149                <action android:name="androidx.profileinstaller.action.SKIP_FILE" />
149-->[androidx.profileinstaller:profileinstaller:1.3.0] AndroidManifest.xml:44:17-85
149-->[androidx.profileinstaller:profileinstaller:1.3.0] AndroidManifest.xml:44:25-82
150            </intent-filter>
151            <intent-filter>
151-->[androidx.profileinstaller:profileinstaller:1.3.0] AndroidManifest.xml:46:13-48:29
152                <action android:name="androidx.profileinstaller.action.SAVE_PROFILE" />
152-->[androidx.profileinstaller:profileinstaller:1.3.0] AndroidManifest.xml:47:17-88
152-->[androidx.profileinstaller:profileinstaller:1.3.0] AndroidManifest.xml:47:25-85
153            </intent-filter>
154            <intent-filter>
154-->[androidx.profileinstaller:profileinstaller:1.3.0] AndroidManifest.xml:49:13-51:29
155                <action android:name="androidx.profileinstaller.action.BENCHMARK_OPERATION" />
155-->[androidx.profileinstaller:profileinstaller:1.3.0] AndroidManifest.xml:50:17-95
155-->[androidx.profileinstaller:profileinstaller:1.3.0] AndroidManifest.xml:50:25-92
156            </intent-filter>
157        </receiver>
158    </application>
159
160</manifest>